<?xml version="1.0" encoding="UTF-8"?>
<testng-results ignored="0" total="1" passed="1" failed="0" skipped="0">
  <reporter-output>
  </reporter-output>
  <suite started-at="2025-07-14T12:53:13 IST" name="Default suite" finished-at="2025-07-14T12:53:15 IST" duration-ms="1061">
    <groups>
    </groups>
    <test started-at="2025-07-14T12:53:13 IST" name="Default test" finished-at="2025-07-14T12:53:15 IST" duration-ms="1061">
      <class name="API_Demo.sumValidations">
        <test-method signature="sumOfCourse()[pri:0, instance:API_Demo.sumValidations@4550bb58]" started-at="2025-07-14T12:53:13 IST" name="sumOfCourse" finished-at="2025-07-14T12:53:15 IST" duration-ms="1029" status="PASS">
          <reporter-output>
          </reporter-output>
        </test-method> <!-- sumOfCourse -->
      </class> <!-- API_Demo.sumValidations -->
    </test> <!-- Default test -->
  </suite> <!-- Default suite -->
</testng-results>
